<?xml version="1.0" encoding="UTF-8"?>
<coverage generated="1638547729928" clover="3.2.0">
  <project timestamp="1638547729928" name="All files">
    <metrics statements="36" coveredstatements="32" conditionals="0" coveredconditionals="0" methods="6" coveredmethods="4" elements="42" coveredelements="36" complexity="0" loc="36" ncloc="36" packages="2" files="5" classes="5"/>
    <package name="exerciseApp">
      <metrics statements="16" coveredstatements="16" conditionals="0" coveredconditionals="0" methods="2" coveredmethods="2"/>
      <file name="app.js" path="C:\Users\Josh\OneDrive - University of Bristol\Desktop\expressApiServer\exerciseApp\app.js">
        <metrics statements="12" coveredstatements="12" conditionals="0" coveredconditionals="0" methods="2" coveredmethods="2"/>
        <line num="1" count="1" type="stmt"/>
        <line num="2" count="1" type="stmt"/>
        <line num="3" count="1" type="stmt"/>
        <line num="4" count="1" type="stmt"/>
        <line num="5" count="1" type="stmt"/>
        <line num="8" count="1" type="stmt"/>
        <line num="9" count="1" type="stmt"/>
        <line num="12" count="1" type="stmt"/>
        <line num="14" count="1" type="stmt"/>
        <line num="16" count="1" type="stmt"/>
        <line num="17" count="1" type="stmt"/>
        <line num="23" count="1" type="stmt"/>
      </file>
      <file name="data.js" path="C:\Users\Josh\OneDrive - University of Bristol\Desktop\expressApiServer\exerciseApp\data.js">
        <metrics statements="2" coveredstatements="2" conditionals="0" coveredconditionals="0" methods="0" coveredmethods="0"/>
        <line num="3" count="1" type="stmt"/>
        <line num="24" count="1" type="stmt"/>
      </file>
      <file name="teacherdata.js" path="C:\Users\Josh\OneDrive - University of Bristol\Desktop\expressApiServer\exerciseApp\teacherdata.js">
        <metrics statements="2" coveredstatements="2" conditionals="0" coveredconditionals="0" methods="0" coveredmethods="0"/>
        <line num="1" count="1" type="stmt"/>
        <line num="9" count="1" type="stmt"/>
      </file>
    </package>
    <package name="exerciseApp.controllers">
      <metrics statements="20" coveredstatements="16" conditionals="0" coveredconditionals="0" methods="4" coveredmethods="2"/>
      <file name="bhatt.js" path="C:\Users\Josh\OneDrive - University of Bristol\Desktop\expressApiServer\exerciseApp\controllers\bhatt.js">
        <metrics statements="10" coveredstatements="10" conditionals="0" coveredconditionals="0" methods="2" coveredmethods="2"/>
        <line num="3" count="1" type="stmt"/>
        <line num="4" count="1" type="stmt"/>
        <line num="6" count="1" type="stmt"/>
        <line num="8" count="1" type="stmt"/>
        <line num="9" count="1" type="stmt"/>
        <line num="12" count="1" type="stmt"/>
        <line num="13" count="1" type="stmt"/>
        <line num="14" count="1" type="stmt"/>
        <line num="16" count="1" type="stmt"/>
        <line num="20" count="1" type="stmt"/>
      </file>
      <file name="teachers.js" path="C:\Users\Josh\OneDrive - University of Bristol\Desktop\expressApiServer\exerciseApp\controllers\teachers.js">
        <metrics statements="10" coveredstatements="6" conditionals="0" coveredconditionals="0" methods="2" coveredmethods="0"/>
        <line num="3" count="1" type="stmt"/>
        <line num="4" count="1" type="stmt"/>
        <line num="6" count="1" type="stmt"/>
        <line num="8" count="1" type="stmt"/>
        <line num="9" count="0" type="stmt"/>
        <line num="12" count="1" type="stmt"/>
        <line num="13" count="0" type="stmt"/>
        <line num="14" count="0" type="stmt"/>
        <line num="16" count="0" type="stmt"/>
        <line num="20" count="1" type="stmt"/>
      </file>
    </package>
  </project>
</coverage>
